<?xml version="1.0" encoding="UTF-8"?>
<testsuite xmlns:xsi="http://www.w3.org/2001/XMLSchema-instance" xsi:noNamespaceSchemaLocation="https://maven.apache.org/surefire/maven-surefire-plugin/xsd/surefire-test-report-3.0.xsd" version="3.0" name="testscenario.ScenarioJunitActivatorTest" time="0.893" tests="1" errors="0" skipped="0" failures="0">
  <properties>
    <property name="java.specification.version" value="17"/>
    <property name="sun.jnu.encoding" value="UTF-8"/>
    <property name="java.class.path" value="/home/yamer/Downloads/project/target/test-classes:/home/yamer/Downloads/project/target/classes:/home/yamer/.m2/repository/org/kie/kie-api/7.73.0.Final/kie-api-7.73.0.Final.jar:/home/yamer/.m2/repository/org/kie/soup/kie-soup-maven-support/7.73.0.Final/kie-soup-maven-support-7.73.0.Final.jar:/home/yamer/.m2/repository/org/slf4j/slf4j-api/1.7.30/slf4j-api-1.7.30.jar:/home/yamer/.m2/repository/org/kie/kie-internal/7.73.0.Final/kie-internal-7.73.0.Final.jar:/home/yamer/.m2/repository/org/optaplanner/optaplanner-core/7.73.0.Final/optaplanner-core-7.73.0.Final.jar:/home/yamer/.m2/repository/org/drools/drools-core/7.73.0.Final/drools-core-7.73.0.Final.jar:/home/yamer/.m2/repository/org/kie/soup/kie-soup-xstream/7.73.0.Final/kie-soup-xstream-7.73.0.Final.jar:/home/yamer/.m2/repository/org/drools/drools-core-dynamic/7.73.0.Final/drools-core-dynamic-7.73.0.Final.jar:/home/yamer/.m2/repository/commons-codec/commons-codec/1.15/commons-codec-1.15.jar:/home/yamer/.m2/repository/org/drools/drools-mvel/7.73.0.Final/drools-mvel-7.73.0.Final.jar:/home/yamer/.m2/repository/org/kie/soup/kie-soup-project-datamodel-commons/7.73.0.Final/kie-soup-project-datamodel-commons-7.73.0.Final.jar:/home/yamer/.m2/repository/org/drools/drools-canonical-model/7.73.0.Final/drools-canonical-model-7.73.0.Final.jar:/home/yamer/.m2/repository/org/drools/drools-model-compiler/7.73.0.Final/drools-model-compiler-7.73.0.Final.jar:/home/yamer/.m2/repository/org/drools/drools-mvel-compiler/7.73.0.Final/drools-mvel-compiler-7.73.0.Final.jar:/home/yamer/.m2/repository/org/apache/commons/commons-lang3/3.11/commons-lang3-3.11.jar:/home/yamer/.m2/repository/org/apache/commons/commons-math3/3.4.1/commons-math3-3.4.1.jar:/home/yamer/.m2/repository/org/reflections/reflections/0.9.11/reflections-0.9.11.jar:/home/yamer/.m2/repository/com/google/guava/guava/20.0/guava-20.0.jar:/home/yamer/.m2/repository/org/javassist/javassist/3.21.0-GA/javassist-3.21.0-GA.jar:/home/yamer/.m2/repository/org/optaplanner/optaplanner-persistence-jaxb/7.73.0.Final/optaplanner-persistence-jaxb-7.73.0.Final.jar:/home/yamer/.m2/repository/org/optaplanner/optaplanner-persistence-common/7.73.0.Final/optaplanner-persistence-common-7.73.0.Final.jar:/home/yamer/.m2/repository/jakarta/xml/bind/jakarta.xml.bind-api/2.3.3/jakarta.xml.bind-api-2.3.3.jar:/home/yamer/.m2/repository/jakarta/activation/jakarta.activation-api/1.2.2/jakarta.activation-api-1.2.2.jar:/home/yamer/.m2/repository/junit/junit/4.13.1/junit-4.13.1.jar:/home/yamer/.m2/repository/org/hamcrest/hamcrest-core/1.3/hamcrest-core-1.3.jar:/home/yamer/.m2/repository/com/thoughtworks/xstream/xstream/1.4.18/xstream-1.4.18.jar:/home/yamer/.m2/repository/io/github/x-stream/mxparser/1.2.2/mxparser-1.2.2.jar:/home/yamer/.m2/repository/xmlpull/xmlpull/1.1.3.1/xmlpull-1.1.3.1.jar:/home/yamer/.m2/repository/org/drools/drools-scenario-simulation-api/7.73.0.Final/drools-scenario-simulation-api-7.73.0.Final.jar:/home/yamer/.m2/repository/org/kie/soup/kie-soup-project-datamodel-api/7.73.0.Final/kie-soup-project-datamodel-api-7.73.0.Final.jar:/home/yamer/.m2/repository/org/drools/drools-scenario-simulation-backend/7.73.0.Final/drools-scenario-simulation-backend-7.73.0.Final.jar:/home/yamer/.m2/repository/com/fasterxml/jackson/core/jackson-databind/2.12.6.1/jackson-databind-2.12.6.1.jar:/home/yamer/.m2/repository/com/fasterxml/jackson/core/jackson-annotations/2.12.6/jackson-annotations-2.12.6.jar:/home/yamer/.m2/repository/com/fasterxml/jackson/core/jackson-core/2.12.6/jackson-core-2.12.6.jar:/home/yamer/.m2/repository/org/kie/soup/kie-soup-commons/7.73.0.Final/kie-soup-commons-7.73.0.Final.jar:/home/yamer/.m2/repository/org/mvel/mvel2/2.4.14.Final/mvel2-2.4.14.Final.jar:/home/yamer/.m2/repository/org/drools/drools-compiler/7.73.0.Final/drools-compiler-7.73.0.Final.jar:/home/yamer/.m2/repository/org/drools/drools-core-reflective/7.73.0.Final/drools-core-reflective-7.73.0.Final.jar:/home/yamer/.m2/repository/org/kie/kie-memory-compiler/7.73.0.Final/kie-memory-compiler-7.73.0.Final.jar:/home/yamer/.m2/repository/org/drools/drools-ecj/7.73.0.Final/drools-ecj-7.73.0.Final.jar:/home/yamer/.m2/repository/org/antlr/antlr-runtime/3.5.2/antlr-runtime-3.5.2.jar:/home/yamer/.m2/repository/org/drools/drools-workbench-models-guided-dtable/7.73.0.Final/drools-workbench-models-guided-dtable-7.73.0.Final.jar:/home/yamer/.m2/repository/org/drools/drools-workbench-models-datamodel-api/7.73.0.Final/drools-workbench-models-datamodel-api-7.73.0.Final.jar:/home/yamer/.m2/repository/org/drools/drools-workbench-models-commons/7.73.0.Final/drools-workbench-models-commons-7.73.0.Final.jar:/home/yamer/.m2/repository/org/jbpm/jbpm-bpmn2/7.73.0.Final/jbpm-bpmn2-7.73.0.Final.jar:/home/yamer/.m2/repository/org/jbpm/jbpm-flow-builder/7.73.0.Final/jbpm-flow-builder-7.73.0.Final.jar:/home/yamer/.m2/repository/org/jbpm/jbpm-flow/7.73.0.Final/jbpm-flow-7.73.0.Final.jar:/home/yamer/.m2/repository/org/drools/drools-serialization-protobuf/7.73.0.Final/drools-serialization-protobuf-7.73.0.Final.jar:/home/yamer/.m2/repository/com/google/protobuf/protobuf-java/3.19.4/protobuf-java-3.19.4.jar:/home/yamer/.m2/repository/com/fasterxml/jackson/datatype/jackson-datatype-jsr310/2.12.6/jackson-datatype-jsr310-2.12.6.jar:/home/yamer/.m2/repository/org/kie/kie-dmn-feel/7.73.0.Final/kie-dmn-feel-7.73.0.Final.jar:/home/yamer/.m2/repository/org/kie/kie-dmn-model/7.73.0.Final/kie-dmn-model-7.73.0.Final.jar:/home/yamer/.m2/repository/org/antlr/antlr4-runtime/4.9.2/antlr4-runtime-4.9.2.jar:/home/yamer/.m2/repository/com/github/javaparser/javaparser-core/3.23.1/javaparser-core-3.23.1.jar:/home/yamer/.m2/repository/ch/obermuhlner/big-math/2.0.1/big-math-2.0.1.jar:/home/yamer/.m2/repository/org/kie/kie-dmn-api/7.73.0.Final/kie-dmn-api-7.73.0.Final.jar:/home/yamer/.m2/repository/org/kie/kie-dmn-core/7.73.0.Final/kie-dmn-core-7.73.0.Final.jar:/home/yamer/.m2/repository/org/kie/kie-dmn-backend/7.73.0.Final/kie-dmn-backend-7.73.0.Final.jar:/home/yamer/.m2/repository/org/drools/drools-ruleunit/7.73.0.Final/drools-ruleunit-7.73.0.Final.jar:/home/yamer/.m2/repository/org/drools/drools-mvel-parser/7.73.0.Final/drools-mvel-parser-7.73.0.Final.jar:/home/yamer/.m2/repository/org/drools/drools-alphanetwork-compiler/7.73.0.Final/drools-alphanetwork-compiler-7.73.0.Final.jar:/home/yamer/.m2/repository/org/jpmml/pmml-model/1.5.1/pmml-model-1.5.1.jar:/home/yamer/.m2/repository/org/jpmml/pmml-agent/1.5.1/pmml-agent-1.5.1.jar:"/>
    <property name="java.vm.vendor" value="Oracle Corporation"/>
    <property name="sun.arch.data.model" value="64"/>
    <property name="java.vendor.url" value="https://java.oracle.com/"/>
    <property name="os.name" value="Linux"/>
    <property name="java.vm.specification.version" value="17"/>
    <property name="sun.java.launcher" value="SUN_STANDARD"/>
    <property name="user.country" value="US"/>
    <property name="sun.boot.library.path" value="/home/yamer/.jabba/jdk/openjdk@1.17.0/lib"/>
    <property name="sun.java.command" value="/home/yamer/Downloads/project/target/surefire/surefirebooter-20220825120526772_3.jar /home/yamer/Downloads/project/target/surefire 2022-08-25T12-05-26_109-jvmRun1 surefire-20220825120526772_1tmp surefire_0-20220825120526772_2tmp"/>
    <property name="jdk.debug" value="release"/>
    <property name="surefire.test.class.path" value="/home/yamer/Downloads/project/target/test-classes:/home/yamer/Downloads/project/target/classes:/home/yamer/.m2/repository/org/kie/kie-api/7.73.0.Final/kie-api-7.73.0.Final.jar:/home/yamer/.m2/repository/org/kie/soup/kie-soup-maven-support/7.73.0.Final/kie-soup-maven-support-7.73.0.Final.jar:/home/yamer/.m2/repository/org/slf4j/slf4j-api/1.7.30/slf4j-api-1.7.30.jar:/home/yamer/.m2/repository/org/kie/kie-internal/7.73.0.Final/kie-internal-7.73.0.Final.jar:/home/yamer/.m2/repository/org/optaplanner/optaplanner-core/7.73.0.Final/optaplanner-core-7.73.0.Final.jar:/home/yamer/.m2/repository/org/drools/drools-core/7.73.0.Final/drools-core-7.73.0.Final.jar:/home/yamer/.m2/repository/org/kie/soup/kie-soup-xstream/7.73.0.Final/kie-soup-xstream-7.73.0.Final.jar:/home/yamer/.m2/repository/org/drools/drools-core-dynamic/7.73.0.Final/drools-core-dynamic-7.73.0.Final.jar:/home/yamer/.m2/repository/commons-codec/commons-codec/1.15/commons-codec-1.15.jar:/home/yamer/.m2/repository/org/drools/drools-mvel/7.73.0.Final/drools-mvel-7.73.0.Final.jar:/home/yamer/.m2/repository/org/kie/soup/kie-soup-project-datamodel-commons/7.73.0.Final/kie-soup-project-datamodel-commons-7.73.0.Final.jar:/home/yamer/.m2/repository/org/drools/drools-canonical-model/7.73.0.Final/drools-canonical-model-7.73.0.Final.jar:/home/yamer/.m2/repository/org/drools/drools-model-compiler/7.73.0.Final/drools-model-compiler-7.73.0.Final.jar:/home/yamer/.m2/repository/org/drools/drools-mvel-compiler/7.73.0.Final/drools-mvel-compiler-7.73.0.Final.jar:/home/yamer/.m2/repository/org/apache/commons/commons-lang3/3.11/commons-lang3-3.11.jar:/home/yamer/.m2/repository/org/apache/commons/commons-math3/3.4.1/commons-math3-3.4.1.jar:/home/yamer/.m2/repository/org/reflections/reflections/0.9.11/reflections-0.9.11.jar:/home/yamer/.m2/repository/com/google/guava/guava/20.0/guava-20.0.jar:/home/yamer/.m2/repository/org/javassist/javassist/3.21.0-GA/javassist-3.21.0-GA.jar:/home/yamer/.m2/repository/org/optaplanner/optaplanner-persistence-jaxb/7.73.0.Final/optaplanner-persistence-jaxb-7.73.0.Final.jar:/home/yamer/.m2/repository/org/optaplanner/optaplanner-persistence-common/7.73.0.Final/optaplanner-persistence-common-7.73.0.Final.jar:/home/yamer/.m2/repository/jakarta/xml/bind/jakarta.xml.bind-api/2.3.3/jakarta.xml.bind-api-2.3.3.jar:/home/yamer/.m2/repository/jakarta/activation/jakarta.activation-api/1.2.2/jakarta.activation-api-1.2.2.jar:/home/yamer/.m2/repository/junit/junit/4.13.1/junit-4.13.1.jar:/home/yamer/.m2/repository/org/hamcrest/hamcrest-core/1.3/hamcrest-core-1.3.jar:/home/yamer/.m2/repository/com/thoughtworks/xstream/xstream/1.4.18/xstream-1.4.18.jar:/home/yamer/.m2/repository/io/github/x-stream/mxparser/1.2.2/mxparser-1.2.2.jar:/home/yamer/.m2/repository/xmlpull/xmlpull/1.1.3.1/xmlpull-1.1.3.1.jar:/home/yamer/.m2/repository/org/drools/drools-scenario-simulation-api/7.73.0.Final/drools-scenario-simulation-api-7.73.0.Final.jar:/home/yamer/.m2/repository/org/kie/soup/kie-soup-project-datamodel-api/7.73.0.Final/kie-soup-project-datamodel-api-7.73.0.Final.jar:/home/yamer/.m2/repository/org/drools/drools-scenario-simulation-backend/7.73.0.Final/drools-scenario-simulation-backend-7.73.0.Final.jar:/home/yamer/.m2/repository/com/fasterxml/jackson/core/jackson-databind/2.12.6.1/jackson-databind-2.12.6.1.jar:/home/yamer/.m2/repository/com/fasterxml/jackson/core/jackson-annotations/2.12.6/jackson-annotations-2.12.6.jar:/home/yamer/.m2/repository/com/fasterxml/jackson/core/jackson-core/2.12.6/jackson-core-2.12.6.jar:/home/yamer/.m2/repository/org/kie/soup/kie-soup-commons/7.73.0.Final/kie-soup-commons-7.73.0.Final.jar:/home/yamer/.m2/repository/org/mvel/mvel2/2.4.14.Final/mvel2-2.4.14.Final.jar:/home/yamer/.m2/repository/org/drools/drools-compiler/7.73.0.Final/drools-compiler-7.73.0.Final.jar:/home/yamer/.m2/repository/org/drools/drools-core-reflective/7.73.0.Final/drools-core-reflective-7.73.0.Final.jar:/home/yamer/.m2/repository/org/kie/kie-memory-compiler/7.73.0.Final/kie-memory-compiler-7.73.0.Final.jar:/home/yamer/.m2/repository/org/drools/drools-ecj/7.73.0.Final/drools-ecj-7.73.0.Final.jar:/home/yamer/.m2/repository/org/antlr/antlr-runtime/3.5.2/antlr-runtime-3.5.2.jar:/home/yamer/.m2/repository/org/drools/drools-workbench-models-guided-dtable/7.73.0.Final/drools-workbench-models-guided-dtable-7.73.0.Final.jar:/home/yamer/.m2/repository/org/drools/drools-workbench-models-datamodel-api/7.73.0.Final/drools-workbench-models-datamodel-api-7.73.0.Final.jar:/home/yamer/.m2/repository/org/drools/drools-workbench-models-commons/7.73.0.Final/drools-workbench-models-commons-7.73.0.Final.jar:/home/yamer/.m2/repository/org/jbpm/jbpm-bpmn2/7.73.0.Final/jbpm-bpmn2-7.73.0.Final.jar:/home/yamer/.m2/repository/org/jbpm/jbpm-flow-builder/7.73.0.Final/jbpm-flow-builder-7.73.0.Final.jar:/home/yamer/.m2/repository/org/jbpm/jbpm-flow/7.73.0.Final/jbpm-flow-7.73.0.Final.jar:/home/yamer/.m2/repository/org/drools/drools-serialization-protobuf/7.73.0.Final/drools-serialization-protobuf-7.73.0.Final.jar:/home/yamer/.m2/repository/com/google/protobuf/protobuf-java/3.19.4/protobuf-java-3.19.4.jar:/home/yamer/.m2/repository/com/fasterxml/jackson/datatype/jackson-datatype-jsr310/2.12.6/jackson-datatype-jsr310-2.12.6.jar:/home/yamer/.m2/repository/org/kie/kie-dmn-feel/7.73.0.Final/kie-dmn-feel-7.73.0.Final.jar:/home/yamer/.m2/repository/org/kie/kie-dmn-model/7.73.0.Final/kie-dmn-model-7.73.0.Final.jar:/home/yamer/.m2/repository/org/antlr/antlr4-runtime/4.9.2/antlr4-runtime-4.9.2.jar:/home/yamer/.m2/repository/com/github/javaparser/javaparser-core/3.23.1/javaparser-core-3.23.1.jar:/home/yamer/.m2/repository/ch/obermuhlner/big-math/2.0.1/big-math-2.0.1.jar:/home/yamer/.m2/repository/org/kie/kie-dmn-api/7.73.0.Final/kie-dmn-api-7.73.0.Final.jar:/home/yamer/.m2/repository/org/kie/kie-dmn-core/7.73.0.Final/kie-dmn-core-7.73.0.Final.jar:/home/yamer/.m2/repository/org/kie/kie-dmn-backend/7.73.0.Final/kie-dmn-backend-7.73.0.Final.jar:/home/yamer/.m2/repository/org/drools/drools-ruleunit/7.73.0.Final/drools-ruleunit-7.73.0.Final.jar:/home/yamer/.m2/repository/org/drools/drools-mvel-parser/7.73.0.Final/drools-mvel-parser-7.73.0.Final.jar:/home/yamer/.m2/repository/org/drools/drools-alphanetwork-compiler/7.73.0.Final/drools-alphanetwork-compiler-7.73.0.Final.jar:/home/yamer/.m2/repository/org/jpmml/pmml-model/1.5.1/pmml-model-1.5.1.jar:/home/yamer/.m2/repository/org/jpmml/pmml-agent/1.5.1/pmml-agent-1.5.1.jar:"/>
    <property name="sun.cpu.endian" value="little"/>
    <property name="user.home" value="/home/yamer"/>
    <property name="user.language" value="en"/>
    <property name="java.specification.vendor" value="Oracle Corporation"/>
    <property name="java.version.date" value="2021-09-14"/>
    <property name="java.home" value="/home/yamer/.jabba/jdk/openjdk@1.17.0"/>
    <property name="file.separator" value="/"/>
    <property name="basedir" value="/home/yamer/Downloads/project"/>
    <property name="java.vm.compressedOopsMode" value="Zero based"/>
    <property name="line.separator" value="&#10;"/>
    <property name="java.vm.specification.vendor" value="Oracle Corporation"/>
    <property name="java.specification.name" value="Java Platform API Specification"/>
    <property name="surefire.real.class.path" value="/home/yamer/Downloads/project/target/surefire/surefirebooter-20220825120526772_3.jar"/>
    <property name="sun.management.compiler" value="HotSpot 64-Bit Tiered Compilers"/>
    <property name="java.runtime.version" value="17+35-2724"/>
    <property name="user.name" value="yamer"/>
    <property name="path.separator" value=":"/>
    <property name="os.version" value="4.18.0-372.19.1.el8_6.x86_64"/>
    <property name="java.runtime.name" value="OpenJDK Runtime Environment"/>
    <property name="file.encoding" value="UTF-8"/>
    <property name="java.vm.name" value="OpenJDK 64-Bit Server VM"/>
    <property name="localRepository" value="/home/yamer/.m2/repository"/>
    <property name="java.vendor.url.bug" value="https://bugreport.java.com/bugreport/"/>
    <property name="java.io.tmpdir" value="/tmp"/>
    <property name="java.version" value="17"/>
    <property name="user.dir" value="/home/yamer/Downloads/project"/>
    <property name="os.arch" value="amd64"/>
    <property name="java.vm.specification.name" value="Java Virtual Machine Specification"/>
    <property name="native.encoding" value="UTF-8"/>
    <property name="java.library.path" value="/usr/java/packages/lib:/usr/lib64:/lib64:/lib:/usr/lib"/>
    <property name="java.vm.info" value="mixed mode, sharing"/>
    <property name="java.vendor" value="Oracle Corporation"/>
    <property name="java.vm.version" value="17+35-2724"/>
    <property name="sun.io.unicode.encoding" value="UnicodeLittle"/>
    <property name="java.class.version" value="61.0"/>
  </properties>
  <testcase name="#1: " classname="Tst" time="0.23">
    <system-err><![CDATA[SLF4J: Failed to load class "org.slf4j.impl.StaticLoggerBinder".
SLF4J: Defaulting to no-operation (NOP) logger implementation
SLF4J: See http://www.slf4j.org/codes.html#StaticLoggerBinder for further details.
]]></system-err>
  </testcase>
</testsuite>